<?xml version="1.0" encoding="UTF-8"?>
<!-- Generated by org.testng.reporters.JUnitXMLReporter -->
<testsuite hostname="DESKTOP-USPQ1LK" ignored="0" name="Surefire test" tests="7" failures="0" timestamp="2020-05-26T01:24:58 IST" time="0.176" errors="0">
  <testcase name="IOSappliction on IOSappliction(Mavenjava.Mymavenproject.AppiumTest)" time="0.017" classname="Mavenjava.Mymavenproject.AppiumTest"/>
  <testcase name="NativeapkAndroid on NativeapkAndroid(Mavenjava.Mymavenproject.AppiumTest)" time="0.014" classname="Mavenjava.Mymavenproject.AppiumTest"/>
  <testcase name="Restart on Restart(Mavenjava.Mymavenproject.RestAPITest)" time="0.009" classname="Mavenjava.Mymavenproject.RestAPITest"/>
  <testcase name="DeleteTwitter on DeleteTwitter(Mavenjava.Mymavenproject.RestAPITest)" time="0.011" classname="Mavenjava.Mymavenproject.RestAPITest"/>
  <testcase name="PostJira on PostJira(Mavenjava.Mymavenproject.RestAPITest)" time="0.009" classname="Mavenjava.Mymavenproject.RestAPITest"/>
  <testcase name="BrowserAutomaiton on BrowserAutomaiton(Mavenjava.Mymavenproject.SeleniumTest)" time="0.002" classname="Mavenjava.Mymavenproject.SeleniumTest"/>
  <testcase name="ElementUI on ElementUI(Mavenjava.Mymavenproject.SeleniumTest)" time="0.005" classname="Mavenjava.Mymavenproject.SeleniumTest"/>
</testsuite> <!-- Surefire test -->
