<?xml version="1.0" encoding="UTF-8"?>
<!-- Generated by org.testng.reporters.JUnitXMLReporter -->
<testsuite hostname="DESKTOP-USPQ1LK" ignored="0" name="Test" tests="7" failures="0" timestamp="2020-05-31T14:44:40 IST" time="0.112" errors="0">
  <testcase name="IOSappliction" time="0.011" classname="Mavenjava.Mymavenproject.AppiumTest"/>
  <testcase name="NativeapkAndroid" time="0.003" classname="Mavenjava.Mymavenproject.AppiumTest"/>
  <testcase name="DeleteTwitter" time="0.004" classname="Mavenjava.Mymavenproject.RestAPITest"/>
  <testcase name="PostJira" time="0.003" classname="Mavenjava.Mymavenproject.RestAPITest"/>
  <testcase name="Restart" time="0.002" classname="Mavenjava.Mymavenproject.RestAPITest"/>
  <testcase name="BrowserAutomaiton" time="0.002" classname="Mavenjava.Mymavenproject.SeleniumTest"/>
  <testcase name="ElementUI" time="0.002" classname="Mavenjava.Mymavenproject.SeleniumTest"/>
</testsuite> <!-- Test -->
